AutoDock Vina v1.2.5
#################################################################
# If you used AutoDock Vina in your work, please cite:          #
#                                                               #
# J. Eberhardt, D. Santos-Martins, A. F. Tillack, and S. Forli  #
# AutoDock Vina 1.2.0: New Docking Methods, Expanded Force      #
# Field, and Python Bindings, J. Chem. Inf. Model. (2021)       #
# DOI 10.1021/acs.jcim.1c00203                                  #
#                                                               #
# O. Trott, A. J. Olson,                                        #
# AutoDock Vina: improving the speed and accuracy of docking    #
# with a new scoring function, efficient optimization and       #
# multithreading, J. Comp. Chem. (2010)                         #
# DOI 10.1002/jcc.21334                                         #
#                                                               #
# Please see https://github.com/ccsb-scripps/AutoDock-Vina for  #
# more information.                                             #
#################################################################

Scoring function : vina
Rigid receptor: receptor.pdbqt
Ligand: 2RC.pdbqt
Grid center: X 13.652 Y 5.321 Z 10.401
Grid size  : X 22.5 Y 29.25 Z 22.5
Grid space : 0.375
Exhaustiveness: 64
CPU: 30
Verbosity: 2

Computing Vina grid ... done.
Performing docking (random seed: 984270265) ... 
0%   10   20   30   40   50   60   70   80   90   100%
|----|----|----|----|----|----|----|----|----|----|
***************************************************
done.
ENERGY FROM SEARCH: -14.4725
FINAL ENERGY: 
Estimated Free Energy of Binding   : -7.623 (kcal/mol) [=(1)+(2)+(3)-(4)]
(1) Final Intermolecular Energy    : -12.524 (kcal/mol)
    Ligand - Receptor              : -12.524 (kcal/mol)
    Ligand - Flex side chains      : 0.000 (kcal/mol)
(2) Final Total Internal Energy    : -1.948 (kcal/mol)
    Ligand                         : -1.948 (kcal/mol)
    Flex   - Receptor              : 0.000 (kcal/mol)
    Flex   - Flex side chains      : 0.000 (kcal/mol)
(3) Torsional Free Energy          : 4.902 (kcal/mol)
(4) Unbound System's Energy        : -1.948 (kcal/mol)
ENERGY FROM SEARCH: -14.413
FINAL ENERGY: 
Estimated Free Energy of Binding   : -7.586 (kcal/mol) [=(1)+(2)+(3)-(4)]
(1) Final Intermolecular Energy    : -12.810 (kcal/mol)
    Ligand - Receptor              : -12.810 (kcal/mol)
    Ligand - Flex side chains      : 0.000 (kcal/mol)
(2) Final Total Internal Energy    : -1.603 (kcal/mol)
    Ligand                         : -1.603 (kcal/mol)
    Flex   - Receptor              : 0.000 (kcal/mol)
    Flex   - Flex side chains      : 0.000 (kcal/mol)
(3) Torsional Free Energy          : 4.879 (kcal/mol)
(4) Unbound System's Energy        : -1.948 (kcal/mol)
ENERGY FROM SEARCH: -14.409
FINAL ENERGY: 
Estimated Free Energy of Binding   : -7.584 (kcal/mol) [=(1)+(2)+(3)-(4)]
(1) Final Intermolecular Energy    : -12.470 (kcal/mol)
    Ligand - Receptor              : -12.470 (kcal/mol)
    Ligand - Flex side chains      : 0.000 (kcal/mol)
(2) Final Total Internal Energy    : -1.939 (kcal/mol)
    Ligand                         : -1.939 (kcal/mol)
    Flex   - Receptor              : 0.000 (kcal/mol)
    Flex   - Flex side chains      : 0.000 (kcal/mol)
(3) Torsional Free Energy          : 4.877 (kcal/mol)
(4) Unbound System's Energy        : -1.948 (kcal/mol)
ENERGY FROM SEARCH: -14.345
FINAL ENERGY: 
Estimated Free Energy of Binding   : -7.545 (kcal/mol) [=(1)+(2)+(3)-(4)]
(1) Final Intermolecular Energy    : -12.739 (kcal/mol)
    Ligand - Receptor              : -12.739 (kcal/mol)
    Ligand - Flex side chains      : 0.000 (kcal/mol)
(2) Final Total Internal Energy    : -1.606 (kcal/mol)
    Ligand                         : -1.606 (kcal/mol)
    Flex   - Receptor              : 0.000 (kcal/mol)
    Flex   - Flex side chains      : 0.000 (kcal/mol)
(3) Torsional Free Energy          : 4.852 (kcal/mol)
(4) Unbound System's Energy        : -1.948 (kcal/mol)
ENERGY FROM SEARCH: -14.294
FINAL ENERGY: 
Estimated Free Energy of Binding   : -7.514 (kcal/mol) [=(1)+(2)+(3)-(4)]
(1) Final Intermolecular Energy    : -12.389 (kcal/mol)
    Ligand - Receptor              : -12.389 (kcal/mol)
    Ligand - Flex side chains      : 0.000 (kcal/mol)
(2) Final Total Internal Energy    : -1.905 (kcal/mol)
    Ligand                         : -1.905 (kcal/mol)
    Flex   - Receptor              : 0.000 (kcal/mol)
    Flex   - Flex side chains      : 0.000 (kcal/mol)
(3) Torsional Free Energy          : 4.832 (kcal/mol)
(4) Unbound System's Energy        : -1.948 (kcal/mol)
ENERGY FROM SEARCH: -14.250
FINAL ENERGY: 
Estimated Free Energy of Binding   : -7.487 (kcal/mol) [=(1)+(2)+(3)-(4)]
(1) Final Intermolecular Energy    : -12.271 (kcal/mol)
    Ligand - Receptor              : -12.271 (kcal/mol)
    Ligand - Flex side chains      : 0.000 (kcal/mol)
(2) Final Total Internal Energy    : -1.979 (kcal/mol)
    Ligand                         : -1.979 (kcal/mol)
    Flex   - Receptor              : 0.000 (kcal/mol)
    Flex   - Flex side chains      : 0.000 (kcal/mol)
(3) Torsional Free Energy          : 4.815 (kcal/mol)
(4) Unbound System's Energy        : -1.948 (kcal/mol)
ENERGY FROM SEARCH: -14.133
FINAL ENERGY: 
Estimated Free Energy of Binding   : -7.416 (kcal/mol) [=(1)+(2)+(3)-(4)]
(1) Final Intermolecular Energy    : -12.613 (kcal/mol)
    Ligand - Receptor              : -12.613 (kcal/mol)
    Ligand - Flex side chains      : 0.000 (kcal/mol)
(2) Final Total Internal Energy    : -1.520 (kcal/mol)
    Ligand                         : -1.520 (kcal/mol)
    Flex   - Receptor              : 0.000 (kcal/mol)
    Flex   - Flex side chains      : 0.000 (kcal/mol)
(3) Torsional Free Energy          : 4.769 (kcal/mol)
(4) Unbound System's Energy        : -1.948 (kcal/mol)
ENERGY FROM SEARCH: -14.074
FINAL ENERGY: 
Estimated Free Energy of Binding   : -7.380 (kcal/mol) [=(1)+(2)+(3)-(4)]
(1) Final Intermolecular Energy    : -12.672 (kcal/mol)
    Ligand - Receptor              : -12.672 (kcal/mol)
    Ligand - Flex side chains      : 0.000 (kcal/mol)
(2) Final Total Internal Energy    : -1.402 (kcal/mol)
    Ligand                         : -1.402 (kcal/mol)
    Flex   - Receptor              : 0.000 (kcal/mol)
    Flex   - Flex side chains      : 0.000 (kcal/mol)
(3) Torsional Free Energy          : 4.746 (kcal/mol)
(4) Unbound System's Energy        : -1.948 (kcal/mol)
ENERGY FROM SEARCH: -14.073
FINAL ENERGY: 
Estimated Free Energy of Binding   : -7.379 (kcal/mol) [=(1)+(2)+(3)-(4)]
(1) Final Intermolecular Energy    : -13.366 (kcal/mol)
    Ligand - Receptor              : -13.366 (kcal/mol)
    Ligand - Flex side chains      : 0.000 (kcal/mol)
(2) Final Total Internal Energy    : -0.706 (kcal/mol)
    Ligand                         : -0.706 (kcal/mol)
    Flex   - Receptor              : 0.000 (kcal/mol)
    Flex   - Flex side chains      : 0.000 (kcal/mol)
(3) Torsional Free Energy          : 4.745 (kcal/mol)
(4) Unbound System's Energy        : -1.948 (kcal/mol)
ENERGY FROM SEARCH: -13.727
FINAL ENERGY: 
Estimated Free Energy of Binding   : -7.169 (kcal/mol) [=(1)+(2)+(3)-(4)]
(1) Final Intermolecular Energy    : -11.802 (kcal/mol)
    Ligand - Receptor              : -11.802 (kcal/mol)
    Ligand - Flex side chains      : 0.000 (kcal/mol)
(2) Final Total Internal Energy    : -1.925 (kcal/mol)
    Ligand                         : -1.925 (kcal/mol)
    Flex   - Receptor              : 0.000 (kcal/mol)
    Flex   - Flex side chains      : 0.000 (kcal/mol)
(3) Torsional Free Energy          : 4.610 (kcal/mol)
(4) Unbound System's Energy        : -1.948 (kcal/mol)
ENERGY FROM SEARCH: -13.639
FINAL ENERGY: 
Estimated Free Energy of Binding   : -7.115 (kcal/mol) [=(1)+(2)+(3)-(4)]
(1) Final Intermolecular Energy    : -11.542 (kcal/mol)
    Ligand - Receptor              : -11.542 (kcal/mol)
    Ligand - Flex side chains      : 0.000 (kcal/mol)
(2) Final Total Internal Energy    : -2.096 (kcal/mol)
    Ligand                         : -2.096 (kcal/mol)
    Flex   - Receptor              : 0.000 (kcal/mol)
    Flex   - Flex side chains      : 0.000 (kcal/mol)
(3) Torsional Free Energy          : 4.575 (kcal/mol)
(4) Unbound System's Energy        : -1.948 (kcal/mol)
ENERGY FROM SEARCH: -13.629
FINAL ENERGY: 
Estimated Free Energy of Binding   : -7.109 (kcal/mol) [=(1)+(2)+(3)-(4)]
(1) Final Intermolecular Energy    : -11.784 (kcal/mol)
    Ligand - Receptor              : -11.784 (kcal/mol)
    Ligand - Flex side chains      : 0.000 (kcal/mol)
(2) Final Total Internal Energy    : -1.845 (kcal/mol)
    Ligand                         : -1.845 (kcal/mol)
    Flex   - Receptor              : 0.000 (kcal/mol)
    Flex   - Flex side chains      : 0.000 (kcal/mol)
(3) Torsional Free Energy          : 4.572 (kcal/mol)
(4) Unbound System's Energy        : -1.948 (kcal/mol)
ENERGY FROM SEARCH: -13.549
FINAL ENERGY: 
Estimated Free Energy of Binding   : -7.061 (kcal/mol) [=(1)+(2)+(3)-(4)]
(1) Final Intermolecular Energy    : -11.783 (kcal/mol)
    Ligand - Receptor              : -11.783 (kcal/mol)
    Ligand - Flex side chains      : 0.000 (kcal/mol)
(2) Final Total Internal Energy    : -1.766 (kcal/mol)
    Ligand                         : -1.766 (kcal/mol)
    Flex   - Receptor              : 0.000 (kcal/mol)
    Flex   - Flex side chains      : 0.000 (kcal/mol)
(3) Torsional Free Energy          : 4.540 (kcal/mol)
(4) Unbound System's Energy        : -1.948 (kcal/mol)
ENERGY FROM SEARCH: -13.527
FINAL ENERGY: 
Estimated Free Energy of Binding   : -7.047 (kcal/mol) [=(1)+(2)+(3)-(4)]
(1) Final Intermolecular Energy    : -11.706 (kcal/mol)
    Ligand - Receptor              : -11.706 (kcal/mol)
    Ligand - Flex side chains      : 0.000 (kcal/mol)
(2) Final Total Internal Energy    : -1.821 (kcal/mol)
    Ligand                         : -1.821 (kcal/mol)
    Flex   - Receptor              : 0.000 (kcal/mol)
    Flex   - Flex side chains      : 0.000 (kcal/mol)
(3) Torsional Free Energy          : 4.532 (kcal/mol)
(4) Unbound System's Energy        : -1.948 (kcal/mol)
ENERGY FROM SEARCH: -13.497
FINAL ENERGY: 
Estimated Free Energy of Binding   : -7.029 (kcal/mol) [=(1)+(2)+(3)-(4)]
(1) Final Intermolecular Energy    : -12.000 (kcal/mol)
    Ligand - Receptor              : -12.000 (kcal/mol)
    Ligand - Flex side chains      : 0.000 (kcal/mol)
(2) Final Total Internal Energy    : -1.497 (kcal/mol)
    Ligand                         : -1.497 (kcal/mol)
    Flex   - Receptor              : 0.000 (kcal/mol)
    Flex   - Flex side chains      : 0.000 (kcal/mol)
(3) Torsional Free Energy          : 4.520 (kcal/mol)
(4) Unbound System's Energy        : -1.948 (kcal/mol)
ENERGY FROM SEARCH: -13.495
FINAL ENERGY: 
Estimated Free Energy of Binding   : -7.028 (kcal/mol) [=(1)+(2)+(3)-(4)]
(1) Final Intermolecular Energy    : -12.127 (kcal/mol)
    Ligand - Receptor              : -12.127 (kcal/mol)
    Ligand - Flex side chains      : 0.000 (kcal/mol)
(2) Final Total Internal Energy    : -1.368 (kcal/mol)
    Ligand                         : -1.368 (kcal/mol)
    Flex   - Receptor              : 0.000 (kcal/mol)
    Flex   - Flex side chains      : 0.000 (kcal/mol)
(3) Torsional Free Energy          : 4.519 (kcal/mol)
(4) Unbound System's Energy        : -1.948 (kcal/mol)
ENERGY FROM SEARCH: -13.431
FINAL ENERGY: 
Estimated Free Energy of Binding   : -6.988 (kcal/mol) [=(1)+(2)+(3)-(4)]
(1) Final Intermolecular Energy    : -11.353 (kcal/mol)
    Ligand - Receptor              : -11.353 (kcal/mol)
    Ligand - Flex side chains      : 0.000 (kcal/mol)
(2) Final Total Internal Energy    : -2.078 (kcal/mol)
    Ligand                         : -2.078 (kcal/mol)
    Flex   - Receptor              : 0.000 (kcal/mol)
    Flex   - Flex side chains      : 0.000 (kcal/mol)
(3) Torsional Free Energy          : 4.494 (kcal/mol)
(4) Unbound System's Energy        : -1.948 (kcal/mol)
ENERGY FROM SEARCH: -13.430
FINAL ENERGY: 
Estimated Free Energy of Binding   : -6.988 (kcal/mol) [=(1)+(2)+(3)-(4)]
(1) Final Intermolecular Energy    : -10.609 (kcal/mol)
    Ligand - Receptor              : -10.609 (kcal/mol)
    Ligand - Flex side chains      : 0.000 (kcal/mol)
(2) Final Total Internal Energy    : -2.820 (kcal/mol)
    Ligand                         : -2.820 (kcal/mol)
    Flex   - Receptor              : 0.000 (kcal/mol)
    Flex   - Flex side chains      : 0.000 (kcal/mol)
(3) Torsional Free Energy          : 4.494 (kcal/mol)
(4) Unbound System's Energy        : -1.948 (kcal/mol)
ENERGY FROM SEARCH: -13.414
FINAL ENERGY: 
Estimated Free Energy of Binding   : -6.979 (kcal/mol) [=(1)+(2)+(3)-(4)]
(1) Final Intermolecular Energy    : -12.250 (kcal/mol)
    Ligand - Receptor              : -12.250 (kcal/mol)
    Ligand - Flex side chains      : 0.000 (kcal/mol)
(2) Final Total Internal Energy    : -1.164 (kcal/mol)
    Ligand                         : -1.164 (kcal/mol)
    Flex   - Receptor              : 0.000 (kcal/mol)
    Flex   - Flex side chains      : 0.000 (kcal/mol)
(3) Torsional Free Energy          : 4.488 (kcal/mol)
(4) Unbound System's Energy        : -1.948 (kcal/mol)
ENERGY FROM SEARCH: -13.387
FINAL ENERGY: 
Estimated Free Energy of Binding   : -6.962 (kcal/mol) [=(1)+(2)+(3)-(4)]
(1) Final Intermolecular Energy    : -11.772 (kcal/mol)
    Ligand - Receptor              : -11.772 (kcal/mol)
    Ligand - Flex side chains      : 0.000 (kcal/mol)
(2) Final Total Internal Energy    : -1.615 (kcal/mol)
    Ligand                         : -1.615 (kcal/mol)
    Flex   - Receptor              : 0.000 (kcal/mol)
    Flex   - Flex side chains      : 0.000 (kcal/mol)
(3) Torsional Free Energy          : 4.477 (kcal/mol)
(4) Unbound System's Energy        : -1.948 (kcal/mol)
ENERGY FROM SEARCH: -13.385
FINAL ENERGY: 
Estimated Free Energy of Binding   : -6.961 (kcal/mol) [=(1)+(2)+(3)-(4)]
(1) Final Intermolecular Energy    : -10.253 (kcal/mol)
    Ligand - Receptor              : -10.253 (kcal/mol)
    Ligand - Flex side chains      : 0.000 (kcal/mol)
(2) Final Total Internal Energy    : -3.132 (kcal/mol)
    Ligand                         : -3.132 (kcal/mol)
    Flex   - Receptor              : 0.000 (kcal/mol)
    Flex   - Flex side chains      : 0.000 (kcal/mol)
(3) Torsional Free Energy          : 4.476 (kcal/mol)
(4) Unbound System's Energy        : -1.948 (kcal/mol)
ENERGY FROM SEARCH: -13.373
FINAL ENERGY: 
Estimated Free Energy of Binding   : -6.953 (kcal/mol) [=(1)+(2)+(3)-(4)]
(1) Final Intermolecular Energy    : -10.896 (kcal/mol)
    Ligand - Receptor              : -10.896 (kcal/mol)
    Ligand - Flex side chains      : 0.000 (kcal/mol)
(2) Final Total Internal Energy    : -2.477 (kcal/mol)
    Ligand                         : -2.477 (kcal/mol)
    Flex   - Receptor              : 0.000 (kcal/mol)
    Flex   - Flex side chains      : 0.000 (kcal/mol)
(3) Torsional Free Energy          : 4.471 (kcal/mol)
(4) Unbound System's Energy        : -1.948 (kcal/mol)
ENERGY FROM SEARCH: -13.332
FINAL ENERGY: 
Estimated Free Energy of Binding   : -6.928 (kcal/mol) [=(1)+(2)+(3)-(4)]
(1) Final Intermolecular Energy    : -10.384 (kcal/mol)
    Ligand - Receptor              : -10.384 (kcal/mol)
    Ligand - Flex side chains      : 0.000 (kcal/mol)
(2) Final Total Internal Energy    : -2.948 (kcal/mol)
    Ligand                         : -2.948 (kcal/mol)
    Flex   - Receptor              : 0.000 (kcal/mol)
    Flex   - Flex side chains      : 0.000 (kcal/mol)
(3) Torsional Free Energy          : 4.455 (kcal/mol)
(4) Unbound System's Energy        : -1.948 (kcal/mol)
ENERGY FROM SEARCH: -13.240
FINAL ENERGY: 
Estimated Free Energy of Binding   : -6.872 (kcal/mol) [=(1)+(2)+(3)-(4)]
(1) Final Intermolecular Energy    : -10.276 (kcal/mol)
    Ligand - Receptor              : -10.276 (kcal/mol)
    Ligand - Flex side chains      : 0.000 (kcal/mol)
(2) Final Total Internal Energy    : -2.964 (kcal/mol)
    Ligand                         : -2.964 (kcal/mol)
    Flex   - Receptor              : 0.000 (kcal/mol)
    Flex   - Flex side chains      : 0.000 (kcal/mol)
(3) Torsional Free Energy          : 4.419 (kcal/mol)
(4) Unbound System's Energy        : -1.948 (kcal/mol)
ENERGY FROM SEARCH: -13.218
FINAL ENERGY: 
Estimated Free Energy of Binding   : -6.859 (kcal/mol) [=(1)+(2)+(3)-(4)]
(1) Final Intermolecular Energy    : -9.976 (kcal/mol)
    Ligand - Receptor              : -9.976 (kcal/mol)
    Ligand - Flex side chains      : 0.000 (kcal/mol)
(2) Final Total Internal Energy    : -3.242 (kcal/mol)
    Ligand                         : -3.242 (kcal/mol)
    Flex   - Receptor              : 0.000 (kcal/mol)
    Flex   - Flex side chains      : 0.000 (kcal/mol)
(3) Torsional Free Energy          : 4.411 (kcal/mol)
(4) Unbound System's Energy        : -1.948 (kcal/mol)
ENERGY FROM SEARCH: -13.216
FINAL ENERGY: 
Estimated Free Energy of Binding   : -6.858 (kcal/mol) [=(1)+(2)+(3)-(4)]
(1) Final Intermolecular Energy    : -10.311 (kcal/mol)
    Ligand - Receptor              : -10.311 (kcal/mol)
    Ligand - Flex side chains      : 0.000 (kcal/mol)
(2) Final Total Internal Energy    : -2.905 (kcal/mol)
    Ligand                         : -2.905 (kcal/mol)
    Flex   - Receptor              : 0.000 (kcal/mol)
    Flex   - Flex side chains      : 0.000 (kcal/mol)
(3) Torsional Free Energy          : 4.410 (kcal/mol)
(4) Unbound System's Energy        : -1.948 (kcal/mol)
ENERGY FROM SEARCH: -13.206
FINAL ENERGY: 
Estimated Free Energy of Binding   : -6.852 (kcal/mol) [=(1)+(2)+(3)-(4)]
(1) Final Intermolecular Energy    : -11.109 (kcal/mol)
    Ligand - Receptor              : -11.109 (kcal/mol)
    Ligand - Flex side chains      : 0.000 (kcal/mol)
(2) Final Total Internal Energy    : -2.097 (kcal/mol)
    Ligand                         : -2.097 (kcal/mol)
    Flex   - Receptor              : 0.000 (kcal/mol)
    Flex   - Flex side chains      : 0.000 (kcal/mol)
(3) Torsional Free Energy          : 4.406 (kcal/mol)
(4) Unbound System's Energy        : -1.948 (kcal/mol)
ENERGY FROM SEARCH: -13.201
FINAL ENERGY: 
Estimated Free Energy of Binding   : -6.849 (kcal/mol) [=(1)+(2)+(3)-(4)]
(1) Final Intermolecular Energy    : -11.235 (kcal/mol)
    Ligand - Receptor              : -11.235 (kcal/mol)
    Ligand - Flex side chains      : 0.000 (kcal/mol)
(2) Final Total Internal Energy    : -1.966 (kcal/mol)
    Ligand                         : -1.966 (kcal/mol)
    Flex   - Receptor              : 0.000 (kcal/mol)
    Flex   - Flex side chains      : 0.000 (kcal/mol)
(3) Torsional Free Energy          : 4.404 (kcal/mol)
(4) Unbound System's Energy        : -1.948 (kcal/mol)
ENERGY FROM SEARCH: -13.187
FINAL ENERGY: 
Estimated Free Energy of Binding   : -6.840 (kcal/mol) [=(1)+(2)+(3)-(4)]
(1) Final Intermolecular Energy    : -11.338 (kcal/mol)
    Ligand - Receptor              : -11.338 (kcal/mol)
    Ligand - Flex side chains      : 0.000 (kcal/mol)
(2) Final Total Internal Energy    : -1.849 (kcal/mol)
    Ligand                         : -1.849 (kcal/mol)
    Flex   - Receptor              : 0.000 (kcal/mol)
    Flex   - Flex side chains      : 0.000 (kcal/mol)
(3) Torsional Free Energy          : 4.399 (kcal/mol)
(4) Unbound System's Energy        : -1.948 (kcal/mol)
ENERGY FROM SEARCH: -13.171
FINAL ENERGY: 
Estimated Free Energy of Binding   : -6.831 (kcal/mol) [=(1)+(2)+(3)-(4)]
(1) Final Intermolecular Energy    : -11.753 (kcal/mol)
    Ligand - Receptor              : -11.753 (kcal/mol)
    Ligand - Flex side chains      : 0.000 (kcal/mol)
(2) Final Total Internal Energy    : -1.418 (kcal/mol)
    Ligand                         : -1.418 (kcal/mol)
    Flex   - Receptor              : 0.000 (kcal/mol)
    Flex   - Flex side chains      : 0.000 (kcal/mol)
(3) Torsional Free Energy          : 4.392 (kcal/mol)
(4) Unbound System's Energy        : -1.948 (kcal/mol)
ENERGY FROM SEARCH: -13.154
FINAL ENERGY: 
Estimated Free Energy of Binding   : -6.820 (kcal/mol) [=(1)+(2)+(3)-(4)]
(1) Final Intermolecular Energy    : -11.783 (kcal/mol)
    Ligand - Receptor              : -11.783 (kcal/mol)
    Ligand - Flex side chains      : 0.000 (kcal/mol)
(2) Final Total Internal Energy    : -1.371 (kcal/mol)
    Ligand                         : -1.371 (kcal/mol)
    Flex   - Receptor              : 0.000 (kcal/mol)
    Flex   - Flex side chains      : 0.000 (kcal/mol)
(3) Torsional Free Energy          : 4.386 (kcal/mol)
(4) Unbound System's Energy        : -1.948 (kcal/mol)
ENERGY FROM SEARCH: -13.149
FINAL ENERGY: 
Estimated Free Energy of Binding   : -6.817 (kcal/mol) [=(1)+(2)+(3)-(4)]
(1) Final Intermolecular Energy    : -11.880 (kcal/mol)
    Ligand - Receptor              : -11.880 (kcal/mol)
    Ligand - Flex side chains      : 0.000 (kcal/mol)
(2) Final Total Internal Energy    : -1.269 (kcal/mol)
    Ligand                         : -1.269 (kcal/mol)
    Flex   - Receptor              : 0.000 (kcal/mol)
    Flex   - Flex side chains      : 0.000 (kcal/mol)
(3) Torsional Free Energy          : 4.384 (kcal/mol)
(4) Unbound System's Energy        : -1.948 (kcal/mol)
ENERGY FROM SEARCH: -13.127
FINAL ENERGY: 
Estimated Free Energy of Binding   : -6.804 (kcal/mol) [=(1)+(2)+(3)-(4)]
(1) Final Intermolecular Energy    : -10.967 (kcal/mol)
    Ligand - Receptor              : -10.967 (kcal/mol)
    Ligand - Flex side chains      : 0.000 (kcal/mol)
(2) Final Total Internal Energy    : -2.160 (kcal/mol)
    Ligand                         : -2.160 (kcal/mol)
    Flex   - Receptor              : 0.000 (kcal/mol)
    Flex   - Flex side chains      : 0.000 (kcal/mol)
(3) Torsional Free Energy          : 4.375 (kcal/mol)
(4) Unbound System's Energy        : -1.948 (kcal/mol)
ENERGY FROM SEARCH: -13.107
FINAL ENERGY: 
Estimated Free Energy of Binding   : -6.791 (kcal/mol) [=(1)+(2)+(3)-(4)]
(1) Final Intermolecular Energy    : -10.231 (kcal/mol)
    Ligand - Receptor              : -10.231 (kcal/mol)
    Ligand - Flex side chains      : 0.000 (kcal/mol)
(2) Final Total Internal Energy    : -2.876 (kcal/mol)
    Ligand                         : -2.876 (kcal/mol)
    Flex   - Receptor              : 0.000 (kcal/mol)
    Flex   - Flex side chains      : 0.000 (kcal/mol)
(3) Torsional Free Energy          : 4.367 (kcal/mol)
(4) Unbound System's Energy        : -1.948 (kcal/mol)
ENERGY FROM SEARCH: -13.096
FINAL ENERGY: 
Estimated Free Energy of Binding   : -6.785 (kcal/mol) [=(1)+(2)+(3)-(4)]
(1) Final Intermolecular Energy    : -11.224 (kcal/mol)
    Ligand - Receptor              : -11.224 (kcal/mol)
    Ligand - Flex side chains      : 0.000 (kcal/mol)
(2) Final Total Internal Energy    : -1.872 (kcal/mol)
    Ligand                         : -1.872 (kcal/mol)
    Flex   - Receptor              : 0.000 (kcal/mol)
    Flex   - Flex side chains      : 0.000 (kcal/mol)
(3) Torsional Free Energy          : 4.363 (kcal/mol)
(4) Unbound System's Energy        : -1.948 (kcal/mol)
ENERGY FROM SEARCH: -13.088
FINAL ENERGY: 
Estimated Free Energy of Binding   : -6.780 (kcal/mol) [=(1)+(2)+(3)-(4)]
(1) Final Intermolecular Energy    : -10.768 (kcal/mol)
    Ligand - Receptor              : -10.768 (kcal/mol)
    Ligand - Flex side chains      : 0.000 (kcal/mol)
(2) Final Total Internal Energy    : -2.320 (kcal/mol)
    Ligand                         : -2.320 (kcal/mol)
    Flex   - Receptor              : 0.000 (kcal/mol)
    Flex   - Flex side chains      : 0.000 (kcal/mol)
(3) Torsional Free Energy          : 4.360 (kcal/mol)
(4) Unbound System's Energy        : -1.948 (kcal/mol)
ENERGY FROM SEARCH: -13.076
FINAL ENERGY: 
Estimated Free Energy of Binding   : -6.772 (kcal/mol) [=(1)+(2)+(3)-(4)]
(1) Final Intermolecular Energy    : -10.112 (kcal/mol)
    Ligand - Receptor              : -10.112 (kcal/mol)
    Ligand - Flex side chains      : 0.000 (kcal/mol)
(2) Final Total Internal Energy    : -2.964 (kcal/mol)
    Ligand                         : -2.964 (kcal/mol)
    Flex   - Receptor              : 0.000 (kcal/mol)
    Flex   - Flex side chains      : 0.000 (kcal/mol)
(3) Torsional Free Energy          : 4.355 (kcal/mol)
(4) Unbound System's Energy        : -1.948 (kcal/mol)
ENERGY FROM SEARCH: -13.069
FINAL ENERGY: 
Estimated Free Energy of Binding   : -6.768 (kcal/mol) [=(1)+(2)+(3)-(4)]
(1) Final Intermolecular Energy    : -11.131 (kcal/mol)
    Ligand - Receptor              : -11.131 (kcal/mol)
    Ligand - Flex side chains      : 0.000 (kcal/mol)
(2) Final Total Internal Energy    : -1.938 (kcal/mol)
    Ligand                         : -1.938 (kcal/mol)
    Flex   - Receptor              : 0.000 (kcal/mol)
    Flex   - Flex side chains      : 0.000 (kcal/mol)
(3) Torsional Free Energy          : 4.352 (kcal/mol)
(4) Unbound System's Energy        : -1.948 (kcal/mol)
ENERGY FROM SEARCH: -13.057
FINAL ENERGY: 
Estimated Free Energy of Binding   : -6.761 (kcal/mol) [=(1)+(2)+(3)-(4)]
(1) Final Intermolecular Energy    : -11.541 (kcal/mol)
    Ligand - Receptor              : -11.541 (kcal/mol)
    Ligand - Flex side chains      : 0.000 (kcal/mol)
(2) Final Total Internal Energy    : -1.516 (kcal/mol)
    Ligand                         : -1.516 (kcal/mol)
    Flex   - Receptor              : 0.000 (kcal/mol)
    Flex   - Flex side chains      : 0.000 (kcal/mol)
(3) Torsional Free Energy          : 4.348 (kcal/mol)
(4) Unbound System's Energy        : -1.948 (kcal/mol)
ENERGY FROM SEARCH: -13.023
FINAL ENERGY: 
Estimated Free Energy of Binding   : -6.741 (kcal/mol) [=(1)+(2)+(3)-(4)]
(1) Final Intermolecular Energy    : -11.528 (kcal/mol)
    Ligand - Receptor              : -11.528 (kcal/mol)
    Ligand - Flex side chains      : 0.000 (kcal/mol)
(2) Final Total Internal Energy    : -1.495 (kcal/mol)
    Ligand                         : -1.495 (kcal/mol)
    Flex   - Receptor              : 0.000 (kcal/mol)
    Flex   - Flex side chains      : 0.000 (kcal/mol)
(3) Torsional Free Energy          : 4.335 (kcal/mol)
(4) Unbound System's Energy        : -1.948 (kcal/mol)
ENERGY FROM SEARCH: -13.014
FINAL ENERGY: 
Estimated Free Energy of Binding   : -6.735 (kcal/mol) [=(1)+(2)+(3)-(4)]
(1) Final Intermolecular Energy    : -11.695 (kcal/mol)
    Ligand - Receptor              : -11.695 (kcal/mol)
    Ligand - Flex side chains      : 0.000 (kcal/mol)
(2) Final Total Internal Energy    : -1.319 (kcal/mol)
    Ligand                         : -1.319 (kcal/mol)
    Flex   - Receptor              : 0.000 (kcal/mol)
    Flex   - Flex side chains      : 0.000 (kcal/mol)
(3) Torsional Free Energy          : 4.331 (kcal/mol)
(4) Unbound System's Energy        : -1.948 (kcal/mol)
ENERGY FROM SEARCH: -13.005
FINAL ENERGY: 
Estimated Free Energy of Binding   : -6.730 (kcal/mol) [=(1)+(2)+(3)-(4)]
(1) Final Intermolecular Energy    : -11.006 (kcal/mol)
    Ligand - Receptor              : -11.006 (kcal/mol)
    Ligand - Flex side chains      : 0.000 (kcal/mol)
(2) Final Total Internal Energy    : -1.999 (kcal/mol)
    Ligand                         : -1.999 (kcal/mol)
    Flex   - Receptor              : 0.000 (kcal/mol)
    Flex   - Flex side chains      : 0.000 (kcal/mol)
(3) Torsional Free Energy          : 4.328 (kcal/mol)
(4) Unbound System's Energy        : -1.948 (kcal/mol)
ENERGY FROM SEARCH: -12.997
FINAL ENERGY: 
Estimated Free Energy of Binding   : -6.725 (kcal/mol) [=(1)+(2)+(3)-(4)]
(1) Final Intermolecular Energy    : -9.926 (kcal/mol)
    Ligand - Receptor              : -9.926 (kcal/mol)
    Ligand - Flex side chains      : 0.000 (kcal/mol)
(2) Final Total Internal Energy    : -3.071 (kcal/mol)
    Ligand                         : -3.071 (kcal/mol)
    Flex   - Receptor              : 0.000 (kcal/mol)
    Flex   - Flex side chains      : 0.000 (kcal/mol)
(3) Torsional Free Energy          : 4.324 (kcal/mol)
(4) Unbound System's Energy        : -1.948 (kcal/mol)
ENERGY FROM SEARCH: -12.983
FINAL ENERGY: 
Estimated Free Energy of Binding   : -6.716 (kcal/mol) [=(1)+(2)+(3)-(4)]
(1) Final Intermolecular Energy    : -10.802 (kcal/mol)
    Ligand - Receptor              : -10.802 (kcal/mol)
    Ligand - Flex side chains      : 0.000 (kcal/mol)
(2) Final Total Internal Energy    : -2.181 (kcal/mol)
    Ligand                         : -2.181 (kcal/mol)
    Flex   - Receptor              : 0.000 (kcal/mol)
    Flex   - Flex side chains      : 0.000 (kcal/mol)
(3) Torsional Free Energy          : 4.319 (kcal/mol)
(4) Unbound System's Energy        : -1.948 (kcal/mol)
ENERGY FROM SEARCH: -12.980
FINAL ENERGY: 
Estimated Free Energy of Binding   : -6.714 (kcal/mol) [=(1)+(2)+(3)-(4)]
(1) Final Intermolecular Energy    : -11.962 (kcal/mol)
    Ligand - Receptor              : -11.962 (kcal/mol)
    Ligand - Flex side chains      : 0.000 (kcal/mol)
(2) Final Total Internal Energy    : -1.019 (kcal/mol)
    Ligand                         : -1.019 (kcal/mol)
    Flex   - Receptor              : 0.000 (kcal/mol)
    Flex   - Flex side chains      : 0.000 (kcal/mol)
(3) Torsional Free Energy          : 4.318 (kcal/mol)
(4) Unbound System's Energy        : -1.948 (kcal/mol)
ENERGY FROM SEARCH: -12.978
FINAL ENERGY: 
Estimated Free Energy of Binding   : -6.713 (kcal/mol) [=(1)+(2)+(3)-(4)]
(1) Final Intermolecular Energy    : -11.155 (kcal/mol)
    Ligand - Receptor              : -11.155 (kcal/mol)
    Ligand - Flex side chains      : 0.000 (kcal/mol)
(2) Final Total Internal Energy    : -1.823 (kcal/mol)
    Ligand                         : -1.823 (kcal/mol)
    Flex   - Receptor              : 0.000 (kcal/mol)
    Flex   - Flex side chains      : 0.000 (kcal/mol)
(3) Torsional Free Energy          : 4.317 (kcal/mol)
(4) Unbound System's Energy        : -1.948 (kcal/mol)
ENERGY FROM SEARCH: -12.948
FINAL ENERGY: 
Estimated Free Energy of Binding   : -6.695 (kcal/mol) [=(1)+(2)+(3)-(4)]
(1) Final Intermolecular Energy    : -11.318 (kcal/mol)
    Ligand - Receptor              : -11.318 (kcal/mol)
    Ligand - Flex side chains      : 0.000 (kcal/mol)
(2) Final Total Internal Energy    : -1.630 (kcal/mol)
    Ligand                         : -1.630 (kcal/mol)
    Flex   - Receptor              : 0.000 (kcal/mol)
    Flex   - Flex side chains      : 0.000 (kcal/mol)
(3) Torsional Free Energy          : 4.305 (kcal/mol)
(4) Unbound System's Energy        : -1.948 (kcal/mol)
ENERGY FROM SEARCH: -12.937
FINAL ENERGY: 
Estimated Free Energy of Binding   : -6.688 (kcal/mol) [=(1)+(2)+(3)-(4)]
(1) Final Intermolecular Energy    : -11.070 (kcal/mol)
    Ligand - Receptor              : -11.070 (kcal/mol)
    Ligand - Flex side chains      : 0.000 (kcal/mol)
(2) Final Total Internal Energy    : -1.867 (kcal/mol)
    Ligand                         : -1.867 (kcal/mol)
    Flex   - Receptor              : 0.000 (kcal/mol)
    Flex   - Flex side chains      : 0.000 (kcal/mol)
(3) Torsional Free Energy          : 4.301 (kcal/mol)
(4) Unbound System's Energy        : -1.948 (kcal/mol)
ENERGY FROM SEARCH: -12.928
FINAL ENERGY: 
Estimated Free Energy of Binding   : -6.682 (kcal/mol) [=(1)+(2)+(3)-(4)]
(1) Final Intermolecular Energy    : -10.003 (kcal/mol)
    Ligand - Receptor              : -10.003 (kcal/mol)
    Ligand - Flex side chains      : 0.000 (kcal/mol)
(2) Final Total Internal Energy    : -2.925 (kcal/mol)
    Ligand                         : -2.925 (kcal/mol)
    Flex   - Receptor              : 0.000 (kcal/mol)
    Flex   - Flex side chains      : 0.000 (kcal/mol)
(3) Torsional Free Energy          : 4.297 (kcal/mol)
(4) Unbound System's Energy        : -1.948 (kcal/mol)
ENERGY FROM SEARCH: -12.913
FINAL ENERGY: 
Estimated Free Energy of Binding   : -6.673 (kcal/mol) [=(1)+(2)+(3)-(4)]
(1) Final Intermolecular Energy    : -11.226 (kcal/mol)
    Ligand - Receptor              : -11.226 (kcal/mol)
    Ligand - Flex side chains      : 0.000 (kcal/mol)
(2) Final Total Internal Energy    : -1.687 (kcal/mol)
    Ligand                         : -1.687 (kcal/mol)
    Flex   - Receptor              : 0.000 (kcal/mol)
    Flex   - Flex side chains      : 0.000 (kcal/mol)
(3) Torsional Free Energy          : 4.291 (kcal/mol)
(4) Unbound System's Energy        : -1.948 (kcal/mol)
ENERGY FROM SEARCH: -12.913
FINAL ENERGY: 
Estimated Free Energy of Binding   : -6.673 (kcal/mol) [=(1)+(2)+(3)-(4)]
(1) Final Intermolecular Energy    : -11.059 (kcal/mol)
    Ligand - Receptor              : -11.059 (kcal/mol)
    Ligand - Flex side chains      : 0.000 (kcal/mol)
(2) Final Total Internal Energy    : -1.854 (kcal/mol)
    Ligand                         : -1.854 (kcal/mol)
    Flex   - Receptor              : 0.000 (kcal/mol)
    Flex   - Flex side chains      : 0.000 (kcal/mol)
(3) Torsional Free Energy          : 4.291 (kcal/mol)
(4) Unbound System's Energy        : -1.948 (kcal/mol)
ENERGY FROM SEARCH: -12.910
FINAL ENERGY: 
Estimated Free Energy of Binding   : -6.672 (kcal/mol) [=(1)+(2)+(3)-(4)]
(1) Final Intermolecular Energy    : -10.910 (kcal/mol)
    Ligand - Receptor              : -10.910 (kcal/mol)
    Ligand - Flex side chains      : 0.000 (kcal/mol)
(2) Final Total Internal Energy    : -2.000 (kcal/mol)
    Ligand                         : -2.000 (kcal/mol)
    Flex   - Receptor              : 0.000 (kcal/mol)
    Flex   - Flex side chains      : 0.000 (kcal/mol)
(3) Torsional Free Energy          : 4.290 (kcal/mol)
(4) Unbound System's Energy        : -1.948 (kcal/mol)
ENERGY FROM SEARCH: -12.909
FINAL ENERGY: 
Estimated Free Energy of Binding   : -6.671 (kcal/mol) [=(1)+(2)+(3)-(4)]
(1) Final Intermolecular Energy    : -10.367 (kcal/mol)
    Ligand - Receptor              : -10.367 (kcal/mol)
    Ligand - Flex side chains      : 0.000 (kcal/mol)
(2) Final Total Internal Energy    : -2.541 (kcal/mol)
    Ligand                         : -2.541 (kcal/mol)
    Flex   - Receptor              : 0.000 (kcal/mol)
    Flex   - Flex side chains      : 0.000 (kcal/mol)
(3) Torsional Free Energy          : 4.290 (kcal/mol)
(4) Unbound System's Energy        : -1.948 (kcal/mol)
ENERGY FROM SEARCH: -12.891
FINAL ENERGY: 
Estimated Free Energy of Binding   : -6.660 (kcal/mol) [=(1)+(2)+(3)-(4)]
(1) Final Intermolecular Energy    : -11.512 (kcal/mol)
    Ligand - Receptor              : -11.512 (kcal/mol)
    Ligand - Flex side chains      : 0.000 (kcal/mol)
(2) Final Total Internal Energy    : -1.379 (kcal/mol)
    Ligand                         : -1.379 (kcal/mol)
    Flex   - Receptor              : 0.000 (kcal/mol)
    Flex   - Flex side chains      : 0.000 (kcal/mol)
(3) Torsional Free Energy          : 4.283 (kcal/mol)
(4) Unbound System's Energy        : -1.948 (kcal/mol)
ENERGY FROM SEARCH: -12.890
FINAL ENERGY: 
Estimated Free Energy of Binding   : -6.660 (kcal/mol) [=(1)+(2)+(3)-(4)]
(1) Final Intermolecular Energy    : -11.093 (kcal/mol)
    Ligand - Receptor              : -11.093 (kcal/mol)
    Ligand - Flex side chains      : 0.000 (kcal/mol)
(2) Final Total Internal Energy    : -1.797 (kcal/mol)
    Ligand                         : -1.797 (kcal/mol)
    Flex   - Receptor              : 0.000 (kcal/mol)
    Flex   - Flex side chains      : 0.000 (kcal/mol)
(3) Torsional Free Energy          : 4.283 (kcal/mol)
(4) Unbound System's Energy        : -1.948 (kcal/mol)
ENERGY FROM SEARCH: -12.883
FINAL ENERGY: 
Estimated Free Energy of Binding   : -6.655 (kcal/mol) [=(1)+(2)+(3)-(4)]
(1) Final Intermolecular Energy    : -10.491 (kcal/mol)
    Ligand - Receptor              : -10.491 (kcal/mol)
    Ligand - Flex side chains      : 0.000 (kcal/mol)
(2) Final Total Internal Energy    : -2.392 (kcal/mol)
    Ligand                         : -2.392 (kcal/mol)
    Flex   - Receptor              : 0.000 (kcal/mol)
    Flex   - Flex side chains      : 0.000 (kcal/mol)
(3) Torsional Free Energy          : 4.280 (kcal/mol)
(4) Unbound System's Energy        : -1.948 (kcal/mol)
ENERGY FROM SEARCH: -12.880
FINAL ENERGY: 
Estimated Free Energy of Binding   : -6.654 (kcal/mol) [=(1)+(2)+(3)-(4)]
(1) Final Intermolecular Energy    : -11.062 (kcal/mol)
    Ligand - Receptor              : -11.062 (kcal/mol)
    Ligand - Flex side chains      : 0.000 (kcal/mol)
(2) Final Total Internal Energy    : -1.818 (kcal/mol)
    Ligand                         : -1.818 (kcal/mol)
    Flex   - Receptor              : 0.000 (kcal/mol)
    Flex   - Flex side chains      : 0.000 (kcal/mol)
(3) Torsional Free Energy          : 4.279 (kcal/mol)
(4) Unbound System's Energy        : -1.948 (kcal/mol)
ENERGY FROM SEARCH: -12.878
FINAL ENERGY: 
Estimated Free Energy of Binding   : -6.652 (kcal/mol) [=(1)+(2)+(3)-(4)]
(1) Final Intermolecular Energy    : -11.576 (kcal/mol)
    Ligand - Receptor              : -11.576 (kcal/mol)
    Ligand - Flex side chains      : 0.000 (kcal/mol)
(2) Final Total Internal Energy    : -1.302 (kcal/mol)
    Ligand                         : -1.302 (kcal/mol)
    Flex   - Receptor              : 0.000 (kcal/mol)
    Flex   - Flex side chains      : 0.000 (kcal/mol)
(3) Torsional Free Energy          : 4.278 (kcal/mol)
(4) Unbound System's Energy        : -1.948 (kcal/mol)
ENERGY FROM SEARCH: -12.864
FINAL ENERGY: 
Estimated Free Energy of Binding   : -6.644 (kcal/mol) [=(1)+(2)+(3)-(4)]
(1) Final Intermolecular Energy    : -9.685 (kcal/mol)
    Ligand - Receptor              : -9.685 (kcal/mol)
    Ligand - Flex side chains      : 0.000 (kcal/mol)
(2) Final Total Internal Energy    : -3.179 (kcal/mol)
    Ligand                         : -3.179 (kcal/mol)
    Flex   - Receptor              : 0.000 (kcal/mol)
    Flex   - Flex side chains      : 0.000 (kcal/mol)
(3) Torsional Free Energy          : 4.272 (kcal/mol)
(4) Unbound System's Energy        : -1.948 (kcal/mol)
ENERGY FROM SEARCH: -12.856
FINAL ENERGY: 
Estimated Free Energy of Binding   : -6.639 (kcal/mol) [=(1)+(2)+(3)-(4)]
(1) Final Intermolecular Energy    : -10.559 (kcal/mol)
    Ligand - Receptor              : -10.559 (kcal/mol)
    Ligand - Flex side chains      : 0.000 (kcal/mol)
(2) Final Total Internal Energy    : -2.297 (kcal/mol)
    Ligand                         : -2.297 (kcal/mol)
    Flex   - Receptor              : 0.000 (kcal/mol)
    Flex   - Flex side chains      : 0.000 (kcal/mol)
(3) Torsional Free Energy          : 4.269 (kcal/mol)
(4) Unbound System's Energy        : -1.948 (kcal/mol)
ENERGY FROM SEARCH: -12.853
FINAL ENERGY: 
Estimated Free Energy of Binding   : -6.637 (kcal/mol) [=(1)+(2)+(3)-(4)]
(1) Final Intermolecular Energy    : -10.717 (kcal/mol)
    Ligand - Receptor              : -10.717 (kcal/mol)
    Ligand - Flex side chains      : 0.000 (kcal/mol)
(2) Final Total Internal Energy    : -2.136 (kcal/mol)
    Ligand                         : -2.136 (kcal/mol)
    Flex   - Receptor              : 0.000 (kcal/mol)
    Flex   - Flex side chains      : 0.000 (kcal/mol)
(3) Torsional Free Energy          : 4.268 (kcal/mol)
(4) Unbound System's Energy        : -1.948 (kcal/mol)
ENERGY FROM SEARCH: -12.824
FINAL ENERGY: 
Estimated Free Energy of Binding   : -6.619 (kcal/mol) [=(1)+(2)+(3)-(4)]
(1) Final Intermolecular Energy    : -10.694 (kcal/mol)
    Ligand - Receptor              : -10.694 (kcal/mol)
    Ligand - Flex side chains      : 0.000 (kcal/mol)
(2) Final Total Internal Energy    : -2.130 (kcal/mol)
    Ligand                         : -2.130 (kcal/mol)
    Flex   - Receptor              : 0.000 (kcal/mol)
    Flex   - Flex side chains      : 0.000 (kcal/mol)
(3) Torsional Free Energy          : 4.257 (kcal/mol)
(4) Unbound System's Energy        : -1.948 (kcal/mol)
ENERGY FROM SEARCH: -12.820
FINAL ENERGY: 
Estimated Free Energy of Binding   : -6.617 (kcal/mol) [=(1)+(2)+(3)-(4)]
(1) Final Intermolecular Energy    : -10.936 (kcal/mol)
    Ligand - Receptor              : -10.936 (kcal/mol)
    Ligand - Flex side chains      : 0.000 (kcal/mol)
(2) Final Total Internal Energy    : -1.884 (kcal/mol)
    Ligand                         : -1.884 (kcal/mol)
    Flex   - Receptor              : 0.000 (kcal/mol)
    Flex   - Flex side chains      : 0.000 (kcal/mol)
(3) Torsional Free Energy          : 4.255 (kcal/mol)
(4) Unbound System's Energy        : -1.948 (kcal/mol)
ENERGY FROM SEARCH: -12.816
FINAL ENERGY: 
Estimated Free Energy of Binding   : -6.615 (kcal/mol) [=(1)+(2)+(3)-(4)]
(1) Final Intermolecular Energy    : -11.017 (kcal/mol)
    Ligand - Receptor              : -11.017 (kcal/mol)
    Ligand - Flex side chains      : 0.000 (kcal/mol)
(2) Final Total Internal Energy    : -1.799 (kcal/mol)
    Ligand                         : -1.799 (kcal/mol)
    Flex   - Receptor              : 0.000 (kcal/mol)
    Flex   - Flex side chains      : 0.000 (kcal/mol)
(3) Torsional Free Energy          : 4.254 (kcal/mol)
(4) Unbound System's Energy        : -1.948 (kcal/mol)
ENERGY FROM SEARCH: -12.808
FINAL ENERGY: 
Estimated Free Energy of Binding   : -6.610 (kcal/mol) [=(1)+(2)+(3)-(4)]
(1) Final Intermolecular Energy    : -10.647 (kcal/mol)
    Ligand - Receptor              : -10.647 (kcal/mol)
    Ligand - Flex side chains      : 0.000 (kcal/mol)
(2) Final Total Internal Energy    : -2.162 (kcal/mol)
    Ligand                         : -2.162 (kcal/mol)
    Flex   - Receptor              : 0.000 (kcal/mol)
    Flex   - Flex side chains      : 0.000 (kcal/mol)
(3) Torsional Free Energy          : 4.250 (kcal/mol)
(4) Unbound System's Energy        : -1.948 (kcal/mol)
ENERGY FROM SEARCH: -12.794
FINAL ENERGY: 
Estimated Free Energy of Binding   : -6.601 (kcal/mol) [=(1)+(2)+(3)-(4)]
(1) Final Intermolecular Energy    : -10.613 (kcal/mol)
    Ligand - Receptor              : -10.613 (kcal/mol)
    Ligand - Flex side chains      : 0.000 (kcal/mol)
(2) Final Total Internal Energy    : -2.181 (kcal/mol)
    Ligand                         : -2.181 (kcal/mol)
    Flex   - Receptor              : 0.000 (kcal/mol)
    Flex   - Flex side chains      : 0.000 (kcal/mol)
(3) Torsional Free Energy          : 4.245 (kcal/mol)
(4) Unbound System's Energy        : -1.948 (kcal/mol)
ENERGY FROM SEARCH: -12.789
FINAL ENERGY: 
Estimated Free Energy of Binding   : -6.598 (kcal/mol) [=(1)+(2)+(3)-(4)]
(1) Final Intermolecular Energy    : -10.362 (kcal/mol)
    Ligand - Receptor              : -10.362 (kcal/mol)
    Ligand - Flex side chains      : 0.000 (kcal/mol)
(2) Final Total Internal Energy    : -2.427 (kcal/mol)
    Ligand                         : -2.427 (kcal/mol)
    Flex   - Receptor              : 0.000 (kcal/mol)
    Flex   - Flex side chains      : 0.000 (kcal/mol)
(3) Torsional Free Energy          : 4.243 (kcal/mol)
(4) Unbound System's Energy        : -1.948 (kcal/mol)
ENERGY FROM SEARCH: -12.784
FINAL ENERGY: 
Estimated Free Energy of Binding   : -6.595 (kcal/mol) [=(1)+(2)+(3)-(4)]
(1) Final Intermolecular Energy    : -10.163 (kcal/mol)
    Ligand - Receptor              : -10.163 (kcal/mol)
    Ligand - Flex side chains      : 0.000 (kcal/mol)
(2) Final Total Internal Energy    : -2.621 (kcal/mol)
    Ligand                         : -2.621 (kcal/mol)
    Flex   - Receptor              : 0.000 (kcal/mol)
    Flex   - Flex side chains      : 0.000 (kcal/mol)
(3) Torsional Free Energy          : 4.241 (kcal/mol)
(4) Unbound System's Energy        : -1.948 (kcal/mol)
ENERGY FROM SEARCH: -12.766
FINAL ENERGY: 
Estimated Free Energy of Binding   : -6.584 (kcal/mol) [=(1)+(2)+(3)-(4)]
(1) Final Intermolecular Energy    : -10.783 (kcal/mol)
    Ligand - Receptor              : -10.783 (kcal/mol)
    Ligand - Flex side chains      : 0.000 (kcal/mol)
(2) Final Total Internal Energy    : -1.983 (kcal/mol)
    Ligand                         : -1.983 (kcal/mol)
    Flex   - Receptor              : 0.000 (kcal/mol)
    Flex   - Flex side chains      : 0.000 (kcal/mol)
(3) Torsional Free Energy          : 4.234 (kcal/mol)
(4) Unbound System's Energy        : -1.948 (kcal/mol)
ENERGY FROM SEARCH: -12.754
FINAL ENERGY: 
Estimated Free Energy of Binding   : -6.576 (kcal/mol) [=(1)+(2)+(3)-(4)]
(1) Final Intermolecular Energy    : -10.941 (kcal/mol)
    Ligand - Receptor              : -10.941 (kcal/mol)
    Ligand - Flex side chains      : 0.000 (kcal/mol)
(2) Final Total Internal Energy    : -1.812 (kcal/mol)
    Ligand                         : -1.812 (kcal/mol)
    Flex   - Receptor              : 0.000 (kcal/mol)
    Flex   - Flex side chains      : 0.000 (kcal/mol)
(3) Torsional Free Energy          : 4.229 (kcal/mol)
(4) Unbound System's Energy        : -1.948 (kcal/mol)
ENERGY FROM SEARCH: -12.740
FINAL ENERGY: 
Estimated Free Energy of Binding   : -6.568 (kcal/mol) [=(1)+(2)+(3)-(4)]
(1) Final Intermolecular Energy    : -11.327 (kcal/mol)
    Ligand - Receptor              : -11.327 (kcal/mol)
    Ligand - Flex side chains      : 0.000 (kcal/mol)
(2) Final Total Internal Energy    : -1.413 (kcal/mol)
    Ligand                         : -1.413 (kcal/mol)
    Flex   - Receptor              : 0.000 (kcal/mol)
    Flex   - Flex side chains      : 0.000 (kcal/mol)
(3) Torsional Free Energy          : 4.224 (kcal/mol)
(4) Unbound System's Energy        : -1.948 (kcal/mol)
ENERGY FROM SEARCH: -12.737
FINAL ENERGY: 
Estimated Free Energy of Binding   : -6.566 (kcal/mol) [=(1)+(2)+(3)-(4)]
(1) Final Intermolecular Energy    : -10.713 (kcal/mol)
    Ligand - Receptor              : -10.713 (kcal/mol)
    Ligand - Flex side chains      : 0.000 (kcal/mol)
(2) Final Total Internal Energy    : -2.024 (kcal/mol)
    Ligand                         : -2.024 (kcal/mol)
    Flex   - Receptor              : 0.000 (kcal/mol)
    Flex   - Flex side chains      : 0.000 (kcal/mol)
(3) Torsional Free Energy          : 4.223 (kcal/mol)
(4) Unbound System's Energy        : -1.948 (kcal/mol)
ENERGY FROM SEARCH: -12.693
FINAL ENERGY: 
Estimated Free Energy of Binding   : -6.539 (kcal/mol) [=(1)+(2)+(3)-(4)]
(1) Final Intermolecular Energy    : -10.751 (kcal/mol)
    Ligand - Receptor              : -10.751 (kcal/mol)
    Ligand - Flex side chains      : 0.000 (kcal/mol)
(2) Final Total Internal Energy    : -1.942 (kcal/mol)
    Ligand                         : -1.942 (kcal/mol)
    Flex   - Receptor              : 0.000 (kcal/mol)
    Flex   - Flex side chains      : 0.000 (kcal/mol)
(3) Torsional Free Energy          : 4.205 (kcal/mol)
(4) Unbound System's Energy        : -1.948 (kcal/mol)
ENERGY FROM SEARCH: -12.690
FINAL ENERGY: 
Estimated Free Energy of Binding   : -6.538 (kcal/mol) [=(1)+(2)+(3)-(4)]
(1) Final Intermolecular Energy    : -9.759 (kcal/mol)
    Ligand - Receptor              : -9.759 (kcal/mol)
    Ligand - Flex side chains      : 0.000 (kcal/mol)
(2) Final Total Internal Energy    : -2.931 (kcal/mol)
    Ligand                         : -2.931 (kcal/mol)
    Flex   - Receptor              : 0.000 (kcal/mol)
    Flex   - Flex side chains      : 0.000 (kcal/mol)
(3) Torsional Free Energy          : 4.204 (kcal/mol)
(4) Unbound System's Energy        : -1.948 (kcal/mol)
ENERGY FROM SEARCH: -12.690
FINAL ENERGY: 
Estimated Free Energy of Binding   : -6.538 (kcal/mol) [=(1)+(2)+(3)-(4)]
(1) Final Intermolecular Energy    : -10.577 (kcal/mol)
    Ligand - Receptor              : -10.577 (kcal/mol)
    Ligand - Flex side chains      : 0.000 (kcal/mol)
(2) Final Total Internal Energy    : -2.113 (kcal/mol)
    Ligand                         : -2.113 (kcal/mol)
    Flex   - Receptor              : 0.000 (kcal/mol)
    Flex   - Flex side chains      : 0.000 (kcal/mol)
(3) Torsional Free Energy          : 4.204 (kcal/mol)
(4) Unbound System's Energy        : -1.948 (kcal/mol)
ENERGY FROM SEARCH: -12.647
FINAL ENERGY: 
Estimated Free Energy of Binding   : -6.512 (kcal/mol) [=(1)+(2)+(3)-(4)]
(1) Final Intermolecular Energy    : -10.779 (kcal/mol)
    Ligand - Receptor              : -10.779 (kcal/mol)
    Ligand - Flex side chains      : 0.000 (kcal/mol)
(2) Final Total Internal Energy    : -1.869 (kcal/mol)
    Ligand                         : -1.869 (kcal/mol)
    Flex   - Receptor              : 0.000 (kcal/mol)
    Flex   - Flex side chains      : 0.000 (kcal/mol)
(3) Torsional Free Energy          : 4.187 (kcal/mol)
(4) Unbound System's Energy        : -1.948 (kcal/mol)
ENERGY FROM SEARCH: -12.619
FINAL ENERGY: 
Estimated Free Energy of Binding   : -6.495 (kcal/mol) [=(1)+(2)+(3)-(4)]
(1) Final Intermolecular Energy    : -9.327 (kcal/mol)
    Ligand - Receptor              : -9.327 (kcal/mol)
    Ligand - Flex side chains      : 0.000 (kcal/mol)
(2) Final Total Internal Energy    : -3.292 (kcal/mol)
    Ligand                         : -3.292 (kcal/mol)
    Flex   - Receptor              : 0.000 (kcal/mol)
    Flex   - Flex side chains      : 0.000 (kcal/mol)
(3) Torsional Free Energy          : 4.176 (kcal/mol)
(4) Unbound System's Energy        : -1.948 (kcal/mol)
ENERGY FROM SEARCH: -12.617
FINAL ENERGY: 
Estimated Free Energy of Binding   : -6.493 (kcal/mol) [=(1)+(2)+(3)-(4)]
(1) Final Intermolecular Energy    : -10.278 (kcal/mol)
    Ligand - Receptor              : -10.278 (kcal/mol)
    Ligand - Flex side chains      : 0.000 (kcal/mol)
(2) Final Total Internal Energy    : -2.339 (kcal/mol)
    Ligand                         : -2.339 (kcal/mol)
    Flex   - Receptor              : 0.000 (kcal/mol)
    Flex   - Flex side chains      : 0.000 (kcal/mol)
(3) Torsional Free Energy          : 4.176 (kcal/mol)
(4) Unbound System's Energy        : -1.948 (kcal/mol)
ENERGY FROM SEARCH: -12.609
FINAL ENERGY: 
Estimated Free Energy of Binding   : -6.488 (kcal/mol) [=(1)+(2)+(3)-(4)]
(1) Final Intermolecular Energy    : -9.943 (kcal/mol)
    Ligand - Receptor              : -9.943 (kcal/mol)
    Ligand - Flex side chains      : 0.000 (kcal/mol)
(2) Final Total Internal Energy    : -2.666 (kcal/mol)
    Ligand                         : -2.666 (kcal/mol)
    Flex   - Receptor              : 0.000 (kcal/mol)
    Flex   - Flex side chains      : 0.000 (kcal/mol)
(3) Torsional Free Energy          : 4.172 (kcal/mol)
(4) Unbound System's Energy        : -1.948 (kcal/mol)
ENERGY FROM SEARCH: -12.591
FINAL ENERGY: 
Estimated Free Energy of Binding   : -6.477 (kcal/mol) [=(1)+(2)+(3)-(4)]
(1) Final Intermolecular Energy    : -11.043 (kcal/mol)
    Ligand - Receptor              : -11.043 (kcal/mol)
    Ligand - Flex side chains      : 0.000 (kcal/mol)
(2) Final Total Internal Energy    : -1.548 (kcal/mol)
    Ligand                         : -1.548 (kcal/mol)
    Flex   - Receptor              : 0.000 (kcal/mol)
    Flex   - Flex side chains      : 0.000 (kcal/mol)
(3) Torsional Free Energy          : 4.165 (kcal/mol)
(4) Unbound System's Energy        : -1.948 (kcal/mol)
ENERGY FROM SEARCH: -12.589
FINAL ENERGY: 
Estimated Free Energy of Binding   : -6.476 (kcal/mol) [=(1)+(2)+(3)-(4)]
(1) Final Intermolecular Energy    : -10.155 (kcal/mol)
    Ligand - Receptor              : -10.155 (kcal/mol)
    Ligand - Flex side chains      : 0.000 (kcal/mol)
(2) Final Total Internal Energy    : -2.434 (kcal/mol)
    Ligand                         : -2.434 (kcal/mol)
    Flex   - Receptor              : 0.000 (kcal/mol)
    Flex   - Flex side chains      : 0.000 (kcal/mol)
(3) Torsional Free Energy          : 4.164 (kcal/mol)
(4) Unbound System's Energy        : -1.948 (kcal/mol)
ENERGY FROM SEARCH: -12.579
FINAL ENERGY: 
Estimated Free Energy of Binding   : -6.470 (kcal/mol) [=(1)+(2)+(3)-(4)]
(1) Final Intermolecular Energy    : -10.945 (kcal/mol)
    Ligand - Receptor              : -10.945 (kcal/mol)
    Ligand - Flex side chains      : 0.000 (kcal/mol)
(2) Final Total Internal Energy    : -1.633 (kcal/mol)
    Ligand                         : -1.633 (kcal/mol)
    Flex   - Receptor              : 0.000 (kcal/mol)
    Flex   - Flex side chains      : 0.000 (kcal/mol)
(3) Torsional Free Energy          : 4.161 (kcal/mol)
(4) Unbound System's Energy        : -1.948 (kcal/mol)
ENERGY FROM SEARCH: -12.568
FINAL ENERGY: 
Estimated Free Energy of Binding   : -6.464 (kcal/mol) [=(1)+(2)+(3)-(4)]
(1) Final Intermolecular Energy    : -10.923 (kcal/mol)
    Ligand - Receptor              : -10.923 (kcal/mol)
    Ligand - Flex side chains      : 0.000 (kcal/mol)
(2) Final Total Internal Energy    : -1.645 (kcal/mol)
    Ligand                         : -1.645 (kcal/mol)
    Flex   - Receptor              : 0.000 (kcal/mol)
    Flex   - Flex side chains      : 0.000 (kcal/mol)
(3) Torsional Free Energy          : 4.156 (kcal/mol)
(4) Unbound System's Energy        : -1.948 (kcal/mol)
ENERGY FROM SEARCH: -12.550
FINAL ENERGY: 
Estimated Free Energy of Binding   : -6.453 (kcal/mol) [=(1)+(2)+(3)-(4)]
(1) Final Intermolecular Energy    : -10.975 (kcal/mol)
    Ligand - Receptor              : -10.975 (kcal/mol)
    Ligand - Flex side chains      : 0.000 (kcal/mol)
(2) Final Total Internal Energy    : -1.575 (kcal/mol)
    Ligand                         : -1.575 (kcal/mol)
    Flex   - Receptor              : 0.000 (kcal/mol)
    Flex   - Flex side chains      : 0.000 (kcal/mol)
(3) Torsional Free Energy          : 4.150 (kcal/mol)
(4) Unbound System's Energy        : -1.948 (kcal/mol)
ENERGY FROM SEARCH: -12.521
FINAL ENERGY: 
Estimated Free Energy of Binding   : -6.435 (kcal/mol) [=(1)+(2)+(3)-(4)]
(1) Final Intermolecular Energy    : -11.204 (kcal/mol)
    Ligand - Receptor              : -11.204 (kcal/mol)
    Ligand - Flex side chains      : 0.000 (kcal/mol)
(2) Final Total Internal Energy    : -1.317 (kcal/mol)
    Ligand                         : -1.317 (kcal/mol)
    Flex   - Receptor              : 0.000 (kcal/mol)
    Flex   - Flex side chains      : 0.000 (kcal/mol)
(3) Torsional Free Energy          : 4.138 (kcal/mol)
(4) Unbound System's Energy        : -1.948 (kcal/mol)
ENERGY FROM SEARCH: -12.501
FINAL ENERGY: 
Estimated Free Energy of Binding   : -6.423 (kcal/mol) [=(1)+(2)+(3)-(4)]
(1) Final Intermolecular Energy    : -11.056 (kcal/mol)
    Ligand - Receptor              : -11.056 (kcal/mol)
    Ligand - Flex side chains      : 0.000 (kcal/mol)
(2) Final Total Internal Energy    : -1.445 (kcal/mol)
    Ligand                         : -1.445 (kcal/mol)
    Flex   - Receptor              : 0.000 (kcal/mol)
    Flex   - Flex side chains      : 0.000 (kcal/mol)
(3) Torsional Free Energy          : 4.130 (kcal/mol)
(4) Unbound System's Energy        : -1.948 (kcal/mol)
ENERGY FROM SEARCH: -12.493
FINAL ENERGY: 
Estimated Free Energy of Binding   : -6.418 (kcal/mol) [=(1)+(2)+(3)-(4)]
(1) Final Intermolecular Energy    : -9.650 (kcal/mol)
    Ligand - Receptor              : -9.650 (kcal/mol)
    Ligand - Flex side chains      : 0.000 (kcal/mol)
(2) Final Total Internal Energy    : -2.843 (kcal/mol)
    Ligand                         : -2.843 (kcal/mol)
    Flex   - Receptor              : 0.000 (kcal/mol)
    Flex   - Flex side chains      : 0.000 (kcal/mol)
(3) Torsional Free Energy          : 4.127 (kcal/mol)
(4) Unbound System's Energy        : -1.948 (kcal/mol)
ENERGY FROM SEARCH: -12.474
FINAL ENERGY: 
Estimated Free Energy of Binding   : -6.406 (kcal/mol) [=(1)+(2)+(3)-(4)]
(1) Final Intermolecular Energy    : -9.726 (kcal/mol)
    Ligand - Receptor              : -9.726 (kcal/mol)
    Ligand - Flex side chains      : 0.000 (kcal/mol)
(2) Final Total Internal Energy    : -2.748 (kcal/mol)
    Ligand                         : -2.748 (kcal/mol)
    Flex   - Receptor              : 0.000 (kcal/mol)
    Flex   - Flex side chains      : 0.000 (kcal/mol)
(3) Torsional Free Energy          : 4.120 (kcal/mol)
(4) Unbound System's Energy        : -1.948 (kcal/mol)
ENERGY FROM SEARCH: -12.450
FINAL ENERGY: 
Estimated Free Energy of Binding   : -6.392 (kcal/mol) [=(1)+(2)+(3)-(4)]
(1) Final Intermolecular Energy    : -11.183 (kcal/mol)
    Ligand - Receptor              : -11.183 (kcal/mol)
    Ligand - Flex side chains      : 0.000 (kcal/mol)
(2) Final Total Internal Energy    : -1.267 (kcal/mol)
    Ligand                         : -1.267 (kcal/mol)
    Flex   - Receptor              : 0.000 (kcal/mol)
    Flex   - Flex side chains      : 0.000 (kcal/mol)
(3) Torsional Free Energy          : 4.110 (kcal/mol)
(4) Unbound System's Energy        : -1.948 (kcal/mol)
ENERGY FROM SEARCH: -12.429
FINAL ENERGY: 
Estimated Free Energy of Binding   : -6.379 (kcal/mol) [=(1)+(2)+(3)-(4)]
(1) Final Intermolecular Energy    : -10.167 (kcal/mol)
    Ligand - Receptor              : -10.167 (kcal/mol)
    Ligand - Flex side chains      : 0.000 (kcal/mol)
(2) Final Total Internal Energy    : -2.262 (kcal/mol)
    Ligand                         : -2.262 (kcal/mol)
    Flex   - Receptor              : 0.000 (kcal/mol)
    Flex   - Flex side chains      : 0.000 (kcal/mol)
(3) Torsional Free Energy          : 4.102 (kcal/mol)
(4) Unbound System's Energy        : -1.948 (kcal/mol)
ENERGY FROM SEARCH: -12.425
FINAL ENERGY: 
Estimated Free Energy of Binding   : -6.376 (kcal/mol) [=(1)+(2)+(3)-(4)]
(1) Final Intermolecular Energy    : -9.674 (kcal/mol)
    Ligand - Receptor              : -9.674 (kcal/mol)
    Ligand - Flex side chains      : 0.000 (kcal/mol)
(2) Final Total Internal Energy    : -2.751 (kcal/mol)
    Ligand                         : -2.751 (kcal/mol)
    Flex   - Receptor              : 0.000 (kcal/mol)
    Flex   - Flex side chains      : 0.000 (kcal/mol)
(3) Torsional Free Energy          : 4.100 (kcal/mol)
(4) Unbound System's Energy        : -1.948 (kcal/mol)
ENERGY FROM SEARCH: -12.398
FINAL ENERGY: 
Estimated Free Energy of Binding   : -6.360 (kcal/mol) [=(1)+(2)+(3)-(4)]
(1) Final Intermolecular Energy    : -10.113 (kcal/mol)
    Ligand - Receptor              : -10.113 (kcal/mol)
    Ligand - Flex side chains      : 0.000 (kcal/mol)
(2) Final Total Internal Energy    : -2.285 (kcal/mol)
    Ligand                         : -2.285 (kcal/mol)
    Flex   - Receptor              : 0.000 (kcal/mol)
    Flex   - Flex side chains      : 0.000 (kcal/mol)
(3) Torsional Free Energy          : 4.090 (kcal/mol)
(4) Unbound System's Energy        : -1.948 (kcal/mol)
ENERGY FROM SEARCH: -12.392
FINAL ENERGY: 
Estimated Free Energy of Binding   : -6.356 (kcal/mol) [=(1)+(2)+(3)-(4)]
(1) Final Intermolecular Energy    : -10.367 (kcal/mol)
    Ligand - Receptor              : -10.367 (kcal/mol)
    Ligand - Flex side chains      : 0.000 (kcal/mol)
(2) Final Total Internal Energy    : -2.024 (kcal/mol)
    Ligand                         : -2.024 (kcal/mol)
    Flex   - Receptor              : 0.000 (kcal/mol)
    Flex   - Flex side chains      : 0.000 (kcal/mol)
(3) Torsional Free Energy          : 4.087 (kcal/mol)
(4) Unbound System's Energy        : -1.948 (kcal/mol)
ENERGY FROM SEARCH: -12.381
FINAL ENERGY: 
Estimated Free Energy of Binding   : -6.350 (kcal/mol) [=(1)+(2)+(3)-(4)]
(1) Final Intermolecular Energy    : -9.715 (kcal/mol)
    Ligand - Receptor              : -9.715 (kcal/mol)
    Ligand - Flex side chains      : 0.000 (kcal/mol)
(2) Final Total Internal Energy    : -2.666 (kcal/mol)
    Ligand                         : -2.666 (kcal/mol)
    Flex   - Receptor              : 0.000 (kcal/mol)
    Flex   - Flex side chains      : 0.000 (kcal/mol)
(3) Torsional Free Energy          : 4.083 (kcal/mol)
(4) Unbound System's Energy        : -1.948 (kcal/mol)
ENERGY FROM SEARCH: -12.369
FINAL ENERGY: 
Estimated Free Energy of Binding   : -6.342 (kcal/mol) [=(1)+(2)+(3)-(4)]
(1) Final Intermolecular Energy    : -10.350 (kcal/mol)
    Ligand - Receptor              : -10.350 (kcal/mol)
    Ligand - Flex side chains      : 0.000 (kcal/mol)
(2) Final Total Internal Energy    : -2.019 (kcal/mol)
    Ligand                         : -2.019 (kcal/mol)
    Flex   - Receptor              : 0.000 (kcal/mol)
    Flex   - Flex side chains      : 0.000 (kcal/mol)
(3) Torsional Free Energy          : 4.078 (kcal/mol)
(4) Unbound System's Energy        : -1.948 (kcal/mol)
ENERGY FROM SEARCH: -12.338
FINAL ENERGY: 
Estimated Free Energy of Binding   : -6.323 (kcal/mol) [=(1)+(2)+(3)-(4)]
(1) Final Intermolecular Energy    : -10.355 (kcal/mol)
    Ligand - Receptor              : -10.355 (kcal/mol)
    Ligand - Flex side chains      : 0.000 (kcal/mol)
(2) Final Total Internal Energy    : -1.983 (kcal/mol)
    Ligand                         : -1.983 (kcal/mol)
    Flex   - Receptor              : 0.000 (kcal/mol)
    Flex   - Flex side chains      : 0.000 (kcal/mol)
(3) Torsional Free Energy          : 4.066 (kcal/mol)
(4) Unbound System's Energy        : -1.948 (kcal/mol)
ENERGY FROM SEARCH: -12.321
FINAL ENERGY: 
Estimated Free Energy of Binding   : -6.313 (kcal/mol) [=(1)+(2)+(3)-(4)]
(1) Final Intermolecular Energy    : -9.967 (kcal/mol)
    Ligand - Receptor              : -9.967 (kcal/mol)
    Ligand - Flex side chains      : 0.000 (kcal/mol)
(2) Final Total Internal Energy    : -2.354 (kcal/mol)
    Ligand                         : -2.354 (kcal/mol)
    Flex   - Receptor              : 0.000 (kcal/mol)
    Flex   - Flex side chains      : 0.000 (kcal/mol)
(3) Torsional Free Energy          : 4.060 (kcal/mol)
(4) Unbound System's Energy        : -1.948 (kcal/mol)
ENERGY FROM SEARCH: -12.270
FINAL ENERGY: 
Estimated Free Energy of Binding   : -6.282 (kcal/mol) [=(1)+(2)+(3)-(4)]
(1) Final Intermolecular Energy    : -9.900 (kcal/mol)
    Ligand - Receptor              : -9.900 (kcal/mol)
    Ligand - Flex side chains      : 0.000 (kcal/mol)
(2) Final Total Internal Energy    : -2.370 (kcal/mol)
    Ligand                         : -2.370 (kcal/mol)
    Flex   - Receptor              : 0.000 (kcal/mol)
    Flex   - Flex side chains      : 0.000 (kcal/mol)
(3) Torsional Free Energy          : 4.040 (kcal/mol)
(4) Unbound System's Energy        : -1.948 (kcal/mol)
ENERGY FROM SEARCH: -12.207
FINAL ENERGY: 
Estimated Free Energy of Binding   : -6.244 (kcal/mol) [=(1)+(2)+(3)-(4)]
(1) Final Intermolecular Energy    : -9.945 (kcal/mol)
    Ligand - Receptor              : -9.945 (kcal/mol)
    Ligand - Flex side chains      : 0.000 (kcal/mol)
(2) Final Total Internal Energy    : -2.262 (kcal/mol)
    Ligand                         : -2.262 (kcal/mol)
    Flex   - Receptor              : 0.000 (kcal/mol)
    Flex   - Flex side chains      : 0.000 (kcal/mol)
(3) Torsional Free Energy          : 4.015 (kcal/mol)
(4) Unbound System's Energy        : -1.948 (kcal/mol)

mode |   affinity | dist from best mode
     | (kcal/mol) | rmsd l.b.| rmsd u.b.
-----+------------+----------+----------
   1      -7.6225     0.0000     0.0000
   2      -7.5864     1.2073     1.4524
   3      -7.5841     0.1648     2.0687
   4      -7.5448     1.2905     2.5731
   5      -7.5140     1.4799     2.4185
   6      -7.4870     1.5672     2.7875
   7      -7.4158     1.7963     2.6683
   8      -7.3798     1.8421     2.9248
   9      -7.3791     3.5697    10.5494
  10      -7.1690     4.5249     6.6940
  11      -7.1150     5.0222     7.1542
  12      -7.1091     1.1481     1.4153
  13      -7.0605     2.0514     3.1759
  14      -7.0473     1.4452     2.6561
  15      -7.0288     1.6356     2.3012
  16      -7.0275     2.9740     9.9019
  17      -6.9885     1.3178     2.5422
  18      -6.9879     3.7449     8.6439
  19      -6.9786     3.7236    10.4024
  20      -6.9618     1.6713     2.9148
  21      -6.9608     4.1908    10.5419
  22      -6.9531     4.4236     9.6243
  23      -6.9283     4.4684     7.1226
  24      -6.8724     4.1658    10.2737
  25      -6.8589     5.6296     9.8181
  26      -6.8580     4.3597     9.2373
  27      -6.8516     2.8603     3.8709
  28      -6.8487     3.2264     4.2865
  29      -6.8403     3.2519     4.4668
  30      -6.8306     5.0616     8.3334
  31      -6.8198     5.1683     7.9664
  32      -6.8171     5.1480     7.6900
  33      -6.8036     4.7483     6.9672
  34      -6.7913     4.3629     9.2754
  35      -6.7847     2.8714     9.2115
  36      -6.7799     2.9471     8.6990
  37      -6.7725     4.3282     6.4011
  38      -6.7683     3.2359     4.0328
  39      -6.7607     4.7719     6.5224
  40      -6.7406     3.9012    10.7570
  41      -6.7351     3.8520     9.8728
  42      -6.7296     2.7558     3.6250
  43      -6.7247     4.2147     6.8247
  44      -6.7159     4.3453     9.7475
  45      -6.7143     3.7845    10.6439
  46      -6.7129     3.7509     5.3816
  47      -6.6948     4.6676     6.6680
  48      -6.6877     3.3977     4.0749
  49      -6.6824     4.1497     9.9056
  50      -6.6732     2.0559     2.9521
  51      -6.6731     3.4380     4.4280
  52      -6.6717     2.1475     3.1677
  53      -6.6707     4.2722     9.8536
  54      -6.6599     4.3261     6.5156
  55      -6.6596     2.8622     9.1911
  56      -6.6550     3.0323     9.2442
  57      -6.6535     3.2339     4.3200
  58      -6.6522     2.9867     9.9718
  59      -6.6438     4.9559     8.4522
  60      -6.6385     4.5575     6.3181
  61      -6.6369     4.8871     8.5292
  62      -6.6192     4.8405     8.6859
  63      -6.6169     5.2340     8.6047
  64      -6.6145     2.8759     4.0940
  65      -6.6097     2.6641     4.1305
  66      -6.6008     2.7114     4.6432
  67      -6.5980     3.8131     5.3792
  68      -6.5949     4.2812     9.9775
  69      -6.5836     4.3841    10.7206
  70      -6.5764     1.7551     2.0387
  71      -6.5679     4.0962    10.0821
  72      -6.5665     4.3811    10.7023
  73      -6.5395     2.9838     9.3748
  74      -6.5377     6.7145    10.5751
  75      -6.5376     4.4240     9.4566
  76      -6.5116     6.3822    13.2296
  77      -6.4945     6.1787     9.6951
  78      -6.4934     3.9970     7.2966
  79      -6.4883     4.1742     9.9924
  80      -6.4775     3.8167     5.6074
  81      -6.4760     2.3106     3.9519
  82      -6.4700     2.9738    10.1895
  83      -6.4636     3.4413    10.2385
  84      -6.4528     3.5762     9.6980
  85      -6.4346     4.5053     6.8871
  86      -6.4228     4.1185    10.1245
  87      -6.4175     2.4038     4.4732
  88      -6.4062     4.2995     6.5337
  89      -6.3917     4.8386     6.9096
  90      -6.3789     6.0872     9.4928
  91      -6.3763     5.7866    13.0912
  92      -6.3598     4.6003     9.0994
  93      -6.3561     3.6530    10.3474
  94      -6.3498     4.3332     6.8461
  95      -6.3423     5.0735     6.8623
  96      -6.3232     3.6419    10.2057
  97      -6.3131     4.1546     5.8112
  98      -6.2820     4.7638     8.9839
  99      -6.2436     3.8982     9.5110
